<?xml version="1.0" encoding="UTF-8"?>
<!-- Generated by org.testng.reporters.JUnitReportReporter -->
<testsuite skipped="0" hostname="Shankarnath-Reddy-Laptop" name="com.learn.ds.AppTest" tests="1" failures="0" timestamp="09 Jan 2019 07:06:34 GMT" time="0.014" errors="0">
  <testcase name="proriyQ" time="0.014" classname="com.learn.ds.AppTest"/>
</testsuite> <!-- com.learn.ds.AppTest -->
