<?xml version="1.0" encoding="UTF-8"?>
<!-- Generated by org.testng.reporters.JUnitReportReporter -->
<testsuite skipped="0" hostname="Shankarnath-Reddy-Laptop" name="com.learn.bst.Xor" tests="1" failures="0" timestamp="04 Jan 2019 03:45:00 GMT" time="0.006" errors="0">
  <testcase name="getXOR" time="0.006" classname="com.learn.bst.Xor"/>
</testsuite> <!-- com.learn.bst.Xor -->
