<?xml version="1.0" encoding="UTF-8"?>
<!-- Generated by org.testng.reporters.JUnitReportReporter -->
<testsuite skipped="0" hostname="Shankarnath-Reddy-Laptop" name="com.learn.binarytree.RootToAllLeafPaths" tests="1" failures="0" timestamp="08 Jan 2019 03:51:39 GMT" time="0.005" errors="0">
  <testcase name="testww" time="0.005" classname="com.learn.binarytree.RootToAllLeafPaths"/>
</testsuite> <!-- com.learn.binarytree.RootToAllLeafPaths -->
