<?xml version="1.0" encoding="UTF-8"?>
<!-- Generated by org.testng.reporters.JUnitReportReporter -->
<testsuite skipped="0" hostname="Shankarnath-Reddy-Laptop" name="com.learn.bst.TestAny" tests="1" failures="0" timestamp="04 Jan 2019 04:22:04 GMT" time="0.006" errors="0">
  <testcase name="test19" time="0.006" classname="com.learn.bst.TestAny"/>
</testsuite> <!-- com.learn.bst.TestAny -->
